<?xml version="1.0" encoding="UTF-8"?>
<!-- Generated by org.testng.reporters.JUnitReportReporter -->
<testsuite hostname="LAPTOP-N90T8E9O" failures="0" tests="1" name="ression4.hdtest2" time="20.727" errors="0" timestamp="2022-01-02T21:17:24 EST" skipped="0">
  <testcase classname="ression4.hdtest2" name="f" time="20.727"/>
  <system-out/>
</testsuite> <!-- ression4.hdtest2 -->
