<?xml version="1.0" encoding="UTF-8"?>
<!-- Generated by org.testng.reporters.JUnitReportReporter -->
<testsuite hostname="LAPTOP-N90T8E9O" failures="0" tests="1" name="ression4.amazonTest" time="17.432" errors="0" timestamp="2021-12-29T16:06:51 EST" skipped="0">
  <testcase classname="ression4.amazonTest" name="f" time="17.432"/>
  <system-out/>
</testsuite> <!-- ression4.amazonTest -->
